<?xml version="1.0" encoding="UTF-8"?>
<!-- Generated by org.testng.reporters.JUnitXMLReporter -->
<testsuite ignored="12" hostname="LTIN518652" failures="0" tests="7" name="chromeTest" time="54.049" errors="0" timestamp="2024-06-04T14:50:36 IST">
  <testcase classname="testCases.TC_001_UserInfoTest" name="verifyUserInfoDisplay" time="5.223"/>
  <testcase classname="testCases.TC_002_CheckTitleTest" name="checkTitle" time="3.52"/>
  <testcase classname="testCases.TC_003_AuthorInfoTest" name="validateAuthorInfoDisplay" time="10.358"/>
  <testcase classname="testCases.TC_004_ShareOptionTest" name="validateShareOption" time="0.698"/>
  <testcase classname="testCases.TC_005_NewsLetterTest" name="getNewsLetter" time="0.247"/>
  <testcase classname="testCases.TC_007_LikesAndViewsTest" name="getTotalLikesAndViews" time="15.47"/>
  <testcase classname="testCases.TC_006_LinksActiveTest" name="checkingLinks" time="0.307"/>
  <testcase classname="testBase.BaseClass" name="@AfterTest tearDown" time="0.0">
    <ignored/>
  </testcase> <!-- @AfterTest tearDown -->
  <testcase classname="testBase.BaseClass" name="@BeforeTest setUp" time="0.0">
    <ignored/>
  </testcase> <!-- @BeforeTest setUp -->
  <testcase classname="testBase.BaseClass" name="@AfterTest tearDown" time="0.0">
    <ignored/>
  </testcase> <!-- @AfterTest tearDown -->
  <testcase classname="testBase.BaseClass" name="@BeforeTest setUp" time="0.0">
    <ignored/>
  </testcase> <!-- @BeforeTest setUp -->
  <testcase classname="testBase.BaseClass" name="@AfterTest tearDown" time="0.0">
    <ignored/>
  </testcase> <!-- @AfterTest tearDown -->
  <testcase classname="testBase.BaseClass" name="@BeforeTest setUp" time="0.0">
    <ignored/>
  </testcase> <!-- @BeforeTest setUp -->
  <testcase classname="testBase.BaseClass" name="@BeforeTest setUp" time="0.0">
    <ignored/>
  </testcase> <!-- @BeforeTest setUp -->
  <testcase classname="testBase.BaseClass" name="@AfterTest tearDown" time="0.0">
    <ignored/>
  </testcase> <!-- @AfterTest tearDown -->
  <testcase classname="testBase.BaseClass" name="@BeforeTest setUp" time="0.0">
    <ignored/>
  </testcase> <!-- @BeforeTest setUp -->
  <testcase classname="testBase.BaseClass" name="@AfterTest tearDown" time="0.0">
    <ignored/>
  </testcase> <!-- @AfterTest tearDown -->
  <testcase classname="testBase.BaseClass" name="@AfterTest tearDown" time="0.0">
    <ignored/>
  </testcase> <!-- @AfterTest tearDown -->
  <testcase classname="testBase.BaseClass" name="@BeforeTest setUp" time="0.0">
    <ignored/>
  </testcase> <!-- @BeforeTest setUp -->
</testsuite> <!-- chromeTest -->
