<?xml version="1.0" encoding="UTF-8"?>
<!-- Generated by org.testng.reporters.JUnitXMLReporter -->
<testsuite ignored="12" hostname="LTIN518652" failures="0" tests="7" name="chromeTest2" time="50.942" errors="0" timestamp="2024-06-04T14:52:19 IST">
  <testcase classname="testCases.TC_001_UserInfoTest" name="verifyUserInfoDisplay" time="4.862"/>
  <testcase classname="testCases.TC_002_CheckTitleTest" name="checkTitle" time="2.72"/>
  <testcase classname="testCases.TC_003_AuthorInfoTest" name="validateAuthorInfoDisplay" time="10.417"/>
  <testcase classname="testCases.TC_004_ShareOptionTest" name="validateShareOption" time="0.918"/>
  <testcase classname="testCases.TC_005_NewsLetterTest" name="getNewsLetter" time="0.56"/>
  <testcase classname="testCases.TC_007_LikesAndViewsTest" name="getTotalLikesAndViews" time="15.497"/>
  <testcase classname="testCases.TC_006_LinksActiveTest" name="checkingLinks" time="0.326"/>
  <testcase classname="testBase.BaseClass" name="@BeforeTest setUp" time="0.0">
    <ignored/>
  </testcase> <!-- @BeforeTest setUp -->
  <testcase classname="testBase.BaseClass" name="@AfterTest tearDown" time="0.0">
    <ignored/>
  </testcase> <!-- @AfterTest tearDown -->
  <testcase classname="testBase.BaseClass" name="@BeforeTest setUp" time="0.0">
    <ignored/>
  </testcase> <!-- @BeforeTest setUp -->
  <testcase classname="testBase.BaseClass" name="@AfterTest tearDown" time="0.0">
    <ignored/>
  </testcase> <!-- @AfterTest tearDown -->
  <testcase classname="testBase.BaseClass" name="@AfterTest tearDown" time="0.0">
    <ignored/>
  </testcase> <!-- @AfterTest tearDown -->
  <testcase classname="testBase.BaseClass" name="@AfterTest tearDown" time="0.0">
    <ignored/>
  </testcase> <!-- @AfterTest tearDown -->
  <testcase classname="testBase.BaseClass" name="@BeforeTest setUp" time="0.0">
    <ignored/>
  </testcase> <!-- @BeforeTest setUp -->
  <testcase classname="testBase.BaseClass" name="@BeforeTest setUp" time="0.0">
    <ignored/>
  </testcase> <!-- @BeforeTest setUp -->
  <testcase classname="testBase.BaseClass" name="@BeforeTest setUp" time="0.0">
    <ignored/>
  </testcase> <!-- @BeforeTest setUp -->
  <testcase classname="testBase.BaseClass" name="@AfterTest tearDown" time="0.0">
    <ignored/>
  </testcase> <!-- @AfterTest tearDown -->
  <testcase classname="testBase.BaseClass" name="@AfterTest tearDown" time="0.0">
    <ignored/>
  </testcase> <!-- @AfterTest tearDown -->
  <testcase classname="testBase.BaseClass" name="@BeforeTest setUp" time="0.0">
    <ignored/>
  </testcase> <!-- @BeforeTest setUp -->
</testsuite> <!-- chromeTest2 -->
