<?xml version="1.0" encoding="UTF-8"?>
<testng-results ignored="0" total="35" passed="35" failed="0" skipped="0">
  <reporter-output>
  </reporter-output>
  <suite started-at="2024-06-04T14:49:41 IST" name="Suite" finished-at="2024-06-04T14:54:12 IST" duration-ms="271412">
    <groups>
    </groups>
    <test started-at="2024-06-04T14:49:41 IST" name="chromeTest" finished-at="2024-06-04T14:50:35 IST" duration-ms="54049">
      <class name="testCases.TC_006_LinksActiveTest">
        <test-method signature="checkingLinks()[pri:0, instance:testCases.TC_006_LinksActiveTest@51e4ccb3]" started-at="2024-06-04T14:50:30 IST" name="checkingLinks" finished-at="2024-06-04T14:50:30 IST" duration-ms="307" status="PASS">
          <reporter-output>
          </reporter-output>
        </test-method> <!-- checkingLinks -->
      </class> <!-- testCases.TC_006_LinksActiveTest -->
      <class name="testCases.TC_003_AuthorInfoTest">
        <test-method signature="validateAuthorInfoDisplay()[pri:0, instance:testCases.TC_003_AuthorInfoTest@7c22d4f]" started-at="2024-06-04T14:50:03 IST" name="validateAuthorInfoDisplay" finished-at="2024-06-04T14:50:13 IST" duration-ms="10358" status="PASS">
          <reporter-output>
          </reporter-output>
        </test-method> <!-- validateAuthorInfoDisplay -->
      </class> <!-- testCases.TC_003_AuthorInfoTest -->
      <class name="testCases.TC_004_ShareOptionTest">
        <test-method signature="validateShareOption()[pri:0, instance:testCases.TC_004_ShareOptionTest@5f59185e]" started-at="2024-06-04T14:50:13 IST" name="validateShareOption" finished-at="2024-06-04T14:50:14 IST" duration-ms="698" status="PASS">
          <reporter-output>
          </reporter-output>
        </test-method> <!-- validateShareOption -->
      </class> <!-- testCases.TC_004_ShareOptionTest -->
      <class name="testCases.TC_007_LikesAndViewsTest">
        <test-method signature="getTotalLikesAndViews()[pri:0, instance:testCases.TC_007_LikesAndViewsTest@47da3952]" started-at="2024-06-04T14:50:14 IST" name="getTotalLikesAndViews" finished-at="2024-06-04T14:50:30 IST" duration-ms="15470" status="PASS">
          <reporter-output>
          </reporter-output>
        </test-method> <!-- getTotalLikesAndViews -->
      </class> <!-- testCases.TC_007_LikesAndViewsTest -->
      <class name="testCases.TC_005_NewsLetterTest">
        <test-method signature="getNewsLetter()[pri:0, instance:testCases.TC_005_NewsLetterTest@60bdf15d]" started-at="2024-06-04T14:50:14 IST" name="getNewsLetter" finished-at="2024-06-04T14:50:14 IST" duration-ms="247" status="PASS">
          <reporter-output>
          </reporter-output>
        </test-method> <!-- getNewsLetter -->
      </class> <!-- testCases.TC_005_NewsLetterTest -->
      <class name="testCases.TC_001_UserInfoTest">
        <test-method is-config="true" signature="setUp(java.lang.String)[pri:0, instance:testCases.TC_001_UserInfoTest@2484f433]" started-at="2024-06-04T14:49:41 IST" name="setUp" finished-at="2024-06-04T14:49:54 IST" duration-ms="13100" status="PASS">
          <params>
            <param index="0">
              <value>
                <![CDATA[chrome]]>
              </value>
            </param>
          </params>
          <reporter-output>
          </reporter-output>
        </test-method> <!-- setUp -->
        <test-method signature="verifyUserInfoDisplay()[pri:0, instance:testCases.TC_001_UserInfoTest@2484f433]" started-at="2024-06-04T14:49:54 IST" name="verifyUserInfoDisplay" finished-at="2024-06-04T14:49:59 IST" duration-ms="5223" status="PASS">
          <reporter-output>
          </reporter-output>
        </test-method> <!-- verifyUserInfoDisplay -->
        <test-method is-config="true" signature="tearDown()[pri:0, instance:testCases.TC_001_UserInfoTest@2484f433]" started-at="2024-06-04T14:50:30 IST" name="tearDown" finished-at="2024-06-04T14:50:35 IST" duration-ms="4790" status="PASS">
          <reporter-output>
          </reporter-output>
        </test-method> <!-- tearDown -->
      </class> <!-- testCases.TC_001_UserInfoTest -->
      <class name="testCases.TC_002_CheckTitleTest">
        <test-method signature="checkTitle(java.lang.String)[pri:0, instance:testCases.TC_002_CheckTitleTest@464649c]" started-at="2024-06-04T14:49:59 IST" name="checkTitle" finished-at="2024-06-04T14:50:03 IST" duration-ms="3520" status="PASS">
          <params>
            <param index="0">
              <value>
                <![CDATA[2]]>
              </value>
            </param>
          </params>
          <reporter-output>
          </reporter-output>
        </test-method> <!-- checkTitle -->
      </class> <!-- testCases.TC_002_CheckTitleTest -->
    </test> <!-- chromeTest -->
    <test started-at="2024-06-04T14:50:36 IST" name="edgeTest" finished-at="2024-06-04T14:51:27 IST" duration-ms="51344">
      <class name="testCases.TC_006_LinksActiveTest">
        <test-method signature="checkingLinks()[pri:0, instance:testCases.TC_006_LinksActiveTest@389adf1d]" started-at="2024-06-04T14:51:21 IST" name="checkingLinks" finished-at="2024-06-04T14:51:21 IST" duration-ms="301" status="PASS">
          <reporter-output>
          </reporter-output>
        </test-method> <!-- checkingLinks -->
      </class> <!-- testCases.TC_006_LinksActiveTest -->
      <class name="testCases.TC_003_AuthorInfoTest">
        <test-method signature="validateAuthorInfoDisplay()[pri:0, instance:testCases.TC_003_AuthorInfoTest@6fa590ba]" started-at="2024-06-04T14:50:54 IST" name="validateAuthorInfoDisplay" finished-at="2024-06-04T14:51:05 IST" duration-ms="10353" status="PASS">
          <reporter-output>
          </reporter-output>
        </test-method> <!-- validateAuthorInfoDisplay -->
      </class> <!-- testCases.TC_003_AuthorInfoTest -->
      <class name="testCases.TC_004_ShareOptionTest">
        <test-method signature="validateShareOption()[pri:0, instance:testCases.TC_004_ShareOptionTest@6e9319f]" started-at="2024-06-04T14:51:05 IST" name="validateShareOption" finished-at="2024-06-04T14:51:05 IST" duration-ms="644" status="PASS">
          <reporter-output>
          </reporter-output>
        </test-method> <!-- validateShareOption -->
      </class> <!-- testCases.TC_004_ShareOptionTest -->
      <class name="testCases.TC_007_LikesAndViewsTest">
        <test-method signature="getTotalLikesAndViews()[pri:0, instance:testCases.TC_007_LikesAndViewsTest@7bf9b098]" started-at="2024-06-04T14:51:05 IST" name="getTotalLikesAndViews" finished-at="2024-06-04T14:51:21 IST" duration-ms="15407" status="PASS">
          <reporter-output>
          </reporter-output>
        </test-method> <!-- getTotalLikesAndViews -->
      </class> <!-- testCases.TC_007_LikesAndViewsTest -->
      <class name="testCases.TC_005_NewsLetterTest">
        <test-method signature="getNewsLetter()[pri:0, instance:testCases.TC_005_NewsLetterTest@72e34f77]" started-at="2024-06-04T14:51:05 IST" name="getNewsLetter" finished-at="2024-06-04T14:51:05 IST" duration-ms="222" status="PASS">
          <reporter-output>
          </reporter-output>
        </test-method> <!-- getNewsLetter -->
      </class> <!-- testCases.TC_005_NewsLetterTest -->
      <class name="testCases.TC_001_UserInfoTest">
        <test-method is-config="true" signature="setUp(java.lang.String)[pri:0, instance:testCases.TC_001_UserInfoTest@293bb8a5]" started-at="2024-06-04T14:50:36 IST" name="setUp" finished-at="2024-06-04T14:50:45 IST" duration-ms="9804" status="PASS">
          <params>
            <param index="0">
              <value>
                <![CDATA[edge]]>
              </value>
            </param>
          </params>
          <reporter-output>
          </reporter-output>
        </test-method> <!-- setUp -->
        <test-method signature="verifyUserInfoDisplay()[pri:0, instance:testCases.TC_001_UserInfoTest@293bb8a5]" started-at="2024-06-04T14:50:45 IST" name="verifyUserInfoDisplay" finished-at="2024-06-04T14:50:51 IST" duration-ms="5098" status="PASS">
          <reporter-output>
          </reporter-output>
        </test-method> <!-- verifyUserInfoDisplay -->
        <test-method is-config="true" signature="tearDown()[pri:0, instance:testCases.TC_001_UserInfoTest@293bb8a5]" started-at="2024-06-04T14:51:21 IST" name="tearDown" finished-at="2024-06-04T14:51:27 IST" duration-ms="5742" status="PASS">
          <reporter-output>
          </reporter-output>
        </test-method> <!-- tearDown -->
      </class> <!-- testCases.TC_001_UserInfoTest -->
      <class name="testCases.TC_002_CheckTitleTest">
        <test-method signature="checkTitle(java.lang.String)[pri:0, instance:testCases.TC_002_CheckTitleTest@2416a51]" started-at="2024-06-04T14:50:51 IST" name="checkTitle" finished-at="2024-06-04T14:50:54 IST" duration-ms="3748" status="PASS">
          <params>
            <param index="0">
              <value>
                <![CDATA[3]]>
              </value>
            </param>
          </params>
          <reporter-output>
          </reporter-output>
        </test-method> <!-- checkTitle -->
      </class> <!-- testCases.TC_002_CheckTitleTest -->
    </test> <!-- edgeTest -->
    <test started-at="2024-06-04T14:51:27 IST" name="chromeTest2" finished-at="2024-06-04T14:52:18 IST" duration-ms="50942">
      <class name="testCases.TC_006_LinksActiveTest">
        <test-method signature="checkingLinks()[pri:0, instance:testCases.TC_006_LinksActiveTest@209775a9]" started-at="2024-06-04T14:52:13 IST" name="checkingLinks" finished-at="2024-06-04T14:52:13 IST" duration-ms="326" status="PASS">
          <reporter-output>
          </reporter-output>
        </test-method> <!-- checkingLinks -->
      </class> <!-- testCases.TC_006_LinksActiveTest -->
      <class name="testCases.TC_003_AuthorInfoTest">
        <test-method signature="validateAuthorInfoDisplay()[pri:0, instance:testCases.TC_003_AuthorInfoTest@47874b25]" started-at="2024-06-04T14:51:46 IST" name="validateAuthorInfoDisplay" finished-at="2024-06-04T14:51:56 IST" duration-ms="10417" status="PASS">
          <reporter-output>
          </reporter-output>
        </test-method> <!-- validateAuthorInfoDisplay -->
      </class> <!-- testCases.TC_003_AuthorInfoTest -->
      <class name="testCases.TC_004_ShareOptionTest">
        <test-method signature="validateShareOption()[pri:0, instance:testCases.TC_004_ShareOptionTest@33617539]" started-at="2024-06-04T14:51:56 IST" name="validateShareOption" finished-at="2024-06-04T14:51:57 IST" duration-ms="918" status="PASS">
          <reporter-output>
          </reporter-output>
        </test-method> <!-- validateShareOption -->
      </class> <!-- testCases.TC_004_ShareOptionTest -->
      <class name="testCases.TC_007_LikesAndViewsTest">
        <test-method signature="getTotalLikesAndViews()[pri:0, instance:testCases.TC_007_LikesAndViewsTest@5db4c359]" started-at="2024-06-04T14:51:57 IST" name="getTotalLikesAndViews" finished-at="2024-06-04T14:52:13 IST" duration-ms="15497" status="PASS">
          <reporter-output>
          </reporter-output>
        </test-method> <!-- getTotalLikesAndViews -->
      </class> <!-- testCases.TC_007_LikesAndViewsTest -->
      <class name="testCases.TC_005_NewsLetterTest">
        <test-method signature="getNewsLetter()[pri:0, instance:testCases.TC_005_NewsLetterTest@2c177f9e]" started-at="2024-06-04T14:51:57 IST" name="getNewsLetter" finished-at="2024-06-04T14:51:57 IST" duration-ms="560" status="PASS">
          <reporter-output>
          </reporter-output>
        </test-method> <!-- getNewsLetter -->
      </class> <!-- testCases.TC_005_NewsLetterTest -->
      <class name="testCases.TC_001_UserInfoTest">
        <test-method is-config="true" signature="setUp(java.lang.String)[pri:0, instance:testCases.TC_001_UserInfoTest@1fc0053e]" started-at="2024-06-04T14:51:27 IST" name="setUp" finished-at="2024-06-04T14:51:38 IST" duration-ms="10719" status="PASS">
          <params>
            <param index="0">
              <value>
                <![CDATA[chrome]]>
              </value>
            </param>
          </params>
          <reporter-output>
          </reporter-output>
        </test-method> <!-- setUp -->
        <test-method signature="verifyUserInfoDisplay()[pri:0, instance:testCases.TC_001_UserInfoTest@1fc0053e]" started-at="2024-06-04T14:51:38 IST" name="verifyUserInfoDisplay" finished-at="2024-06-04T14:51:43 IST" duration-ms="4862" status="PASS">
          <reporter-output>
          </reporter-output>
        </test-method> <!-- verifyUserInfoDisplay -->
        <test-method is-config="true" signature="tearDown()[pri:0, instance:testCases.TC_001_UserInfoTest@1fc0053e]" started-at="2024-06-04T14:52:13 IST" name="tearDown" finished-at="2024-06-04T14:52:18 IST" duration-ms="4905" status="PASS">
          <reporter-output>
          </reporter-output>
        </test-method> <!-- tearDown -->
      </class> <!-- testCases.TC_001_UserInfoTest -->
      <class name="testCases.TC_002_CheckTitleTest">
        <test-method signature="checkTitle(java.lang.String)[pri:0, instance:testCases.TC_002_CheckTitleTest@290b1b2e]" started-at="2024-06-04T14:51:43 IST" name="checkTitle" finished-at="2024-06-04T14:51:46 IST" duration-ms="2720" status="PASS">
          <params>
            <param index="0">
              <value>
                <![CDATA[4]]>
              </value>
            </param>
          </params>
          <reporter-output>
          </reporter-output>
        </test-method> <!-- checkTitle -->
      </class> <!-- testCases.TC_002_CheckTitleTest -->
    </test> <!-- chromeTest2 -->
    <test started-at="2024-06-04T14:52:19 IST" name="edgeTest2" finished-at="2024-06-04T14:53:11 IST" duration-ms="52031">
      <class name="testCases.TC_006_LinksActiveTest">
        <test-method signature="checkingLinks()[pri:0, instance:testCases.TC_006_LinksActiveTest@6b5176f2]" started-at="2024-06-04T14:53:05 IST" name="checkingLinks" finished-at="2024-06-04T14:53:06 IST" duration-ms="498" status="PASS">
          <reporter-output>
          </reporter-output>
        </test-method> <!-- checkingLinks -->
      </class> <!-- testCases.TC_006_LinksActiveTest -->
      <class name="testCases.TC_003_AuthorInfoTest">
        <test-method signature="validateAuthorInfoDisplay()[pri:0, instance:testCases.TC_003_AuthorInfoTest@1bdf8190]" started-at="2024-06-04T14:52:38 IST" name="validateAuthorInfoDisplay" finished-at="2024-06-04T14:52:48 IST" duration-ms="10339" status="PASS">
          <reporter-output>
          </reporter-output>
        </test-method> <!-- validateAuthorInfoDisplay -->
      </class> <!-- testCases.TC_003_AuthorInfoTest -->
      <class name="testCases.TC_004_ShareOptionTest">
        <test-method signature="validateShareOption()[pri:0, instance:testCases.TC_004_ShareOptionTest@192f2f27]" started-at="2024-06-04T14:52:48 IST" name="validateShareOption" finished-at="2024-06-04T14:52:49 IST" duration-ms="736" status="PASS">
          <reporter-output>
          </reporter-output>
        </test-method> <!-- validateShareOption -->
      </class> <!-- testCases.TC_004_ShareOptionTest -->
      <class name="testCases.TC_007_LikesAndViewsTest">
        <test-method signature="getTotalLikesAndViews()[pri:0, instance:testCases.TC_007_LikesAndViewsTest@c65a5ef]" started-at="2024-06-04T14:52:50 IST" name="getTotalLikesAndViews" finished-at="2024-06-04T14:53:05 IST" duration-ms="15461" status="PASS">
          <reporter-output>
          </reporter-output>
        </test-method> <!-- getTotalLikesAndViews -->
      </class> <!-- testCases.TC_007_LikesAndViewsTest -->
      <class name="testCases.TC_005_NewsLetterTest">
        <test-method signature="getNewsLetter()[pri:0, instance:testCases.TC_005_NewsLetterTest@8a589a2]" started-at="2024-06-04T14:52:49 IST" name="getNewsLetter" finished-at="2024-06-04T14:52:50 IST" duration-ms="421" status="PASS">
          <reporter-output>
          </reporter-output>
        </test-method> <!-- getNewsLetter -->
      </class> <!-- testCases.TC_005_NewsLetterTest -->
      <class name="testCases.TC_001_UserInfoTest">
        <test-method is-config="true" signature="setUp(java.lang.String)[pri:0, instance:testCases.TC_001_UserInfoTest@6fefce9e]" started-at="2024-06-04T14:52:19 IST" name="setUp" finished-at="2024-06-04T14:52:29 IST" duration-ms="10862" status="PASS">
          <params>
            <param index="0">
              <value>
                <![CDATA[edge]]>
              </value>
            </param>
          </params>
          <reporter-output>
          </reporter-output>
        </test-method> <!-- setUp -->
        <test-method signature="verifyUserInfoDisplay()[pri:0, instance:testCases.TC_001_UserInfoTest@6fefce9e]" started-at="2024-06-04T14:52:29 IST" name="verifyUserInfoDisplay" finished-at="2024-06-04T14:52:35 IST" duration-ms="5300" status="PASS">
          <reporter-output>
          </reporter-output>
        </test-method> <!-- verifyUserInfoDisplay -->
        <test-method is-config="true" signature="tearDown()[pri:0, instance:testCases.TC_001_UserInfoTest@6fefce9e]" started-at="2024-06-04T14:53:06 IST" name="tearDown" finished-at="2024-06-04T14:53:11 IST" duration-ms="4992" status="PASS">
          <reporter-output>
          </reporter-output>
        </test-method> <!-- tearDown -->
      </class> <!-- testCases.TC_001_UserInfoTest -->
      <class name="testCases.TC_002_CheckTitleTest">
        <test-method signature="checkTitle(java.lang.String)[pri:0, instance:testCases.TC_002_CheckTitleTest@4f8969b0]" started-at="2024-06-04T14:52:35 IST" name="checkTitle" finished-at="2024-06-04T14:52:38 IST" duration-ms="3396" status="PASS">
          <params>
            <param index="0">
              <value>
                <![CDATA[1]]>
              </value>
            </param>
          </params>
          <reporter-output>
          </reporter-output>
        </test-method> <!-- checkTitle -->
      </class> <!-- testCases.TC_002_CheckTitleTest -->
    </test> <!-- edgeTest2 -->
    <test started-at="2024-06-04T14:53:11 IST" name="chromeTest3" finished-at="2024-06-04T14:54:12 IST" duration-ms="61312">
      <class name="testCases.TC_006_LinksActiveTest">
        <test-method signature="checkingLinks()[pri:0, instance:testCases.TC_006_LinksActiveTest@460f76a6]" started-at="2024-06-04T14:53:57 IST" name="checkingLinks" finished-at="2024-06-04T14:54:07 IST" duration-ms="10212" status="PASS">
          <reporter-output>
          </reporter-output>
        </test-method> <!-- checkingLinks -->
      </class> <!-- testCases.TC_006_LinksActiveTest -->
      <class name="testCases.TC_003_AuthorInfoTest">
        <test-method signature="validateAuthorInfoDisplay()[pri:0, instance:testCases.TC_003_AuthorInfoTest@29cfd92b]" started-at="2024-06-04T14:53:30 IST" name="validateAuthorInfoDisplay" finished-at="2024-06-04T14:53:40 IST" duration-ms="10358" status="PASS">
          <reporter-output>
          </reporter-output>
        </test-method> <!-- validateAuthorInfoDisplay -->
      </class> <!-- testCases.TC_003_AuthorInfoTest -->
      <class name="testCases.TC_004_ShareOptionTest">
        <test-method signature="validateShareOption()[pri:0, instance:testCases.TC_004_ShareOptionTest@21c64522]" started-at="2024-06-04T14:53:40 IST" name="validateShareOption" finished-at="2024-06-04T14:53:41 IST" duration-ms="689" status="PASS">
          <reporter-output>
          </reporter-output>
        </test-method> <!-- validateShareOption -->
      </class> <!-- testCases.TC_004_ShareOptionTest -->
      <class name="testCases.TC_007_LikesAndViewsTest">
        <test-method signature="getTotalLikesAndViews()[pri:0, instance:testCases.TC_007_LikesAndViewsTest@11dee337]" started-at="2024-06-04T14:53:41 IST" name="getTotalLikesAndViews" finished-at="2024-06-04T14:53:57 IST" duration-ms="15475" status="PASS">
          <reporter-output>
          </reporter-output>
        </test-method> <!-- getTotalLikesAndViews -->
      </class> <!-- testCases.TC_007_LikesAndViewsTest -->
      <class name="testCases.TC_005_NewsLetterTest">
        <test-method signature="getNewsLetter()[pri:0, instance:testCases.TC_005_NewsLetterTest@7997b197]" started-at="2024-06-04T14:53:41 IST" name="getNewsLetter" finished-at="2024-06-04T14:53:41 IST" duration-ms="507" status="PASS">
          <reporter-output>
          </reporter-output>
        </test-method> <!-- getNewsLetter -->
      </class> <!-- testCases.TC_005_NewsLetterTest -->
      <class name="testCases.TC_001_UserInfoTest">
        <test-method is-config="true" signature="setUp(java.lang.String)[pri:0, instance:testCases.TC_001_UserInfoTest@6e46d9f4]" started-at="2024-06-04T14:53:11 IST" name="setUp" finished-at="2024-06-04T14:53:21 IST" duration-ms="10664" status="PASS">
          <params>
            <param index="0">
              <value>
                <![CDATA[chrome]]>
              </value>
            </param>
          </params>
          <reporter-output>
          </reporter-output>
        </test-method> <!-- setUp -->
        <test-method signature="verifyUserInfoDisplay()[pri:0, instance:testCases.TC_001_UserInfoTest@6e46d9f4]" started-at="2024-06-04T14:53:22 IST" name="verifyUserInfoDisplay" finished-at="2024-06-04T14:53:26 IST" duration-ms="4871" status="PASS">
          <reporter-output>
          </reporter-output>
        </test-method> <!-- verifyUserInfoDisplay -->
        <test-method is-config="true" signature="tearDown()[pri:0, instance:testCases.TC_001_UserInfoTest@6e46d9f4]" started-at="2024-06-04T14:54:07 IST" name="tearDown" finished-at="2024-06-04T14:54:12 IST" duration-ms="5080" status="PASS">
          <reporter-output>
          </reporter-output>
        </test-method> <!-- tearDown -->
      </class> <!-- testCases.TC_001_UserInfoTest -->
      <class name="testCases.TC_002_CheckTitleTest">
        <test-method signature="checkTitle(java.lang.String)[pri:0, instance:testCases.TC_002_CheckTitleTest@5cc69cfe]" started-at="2024-06-04T14:53:26 IST" name="checkTitle" finished-at="2024-06-04T14:53:30 IST" duration-ms="3442" status="PASS">
          <params>
            <param index="0">
              <value>
                <![CDATA[5]]>
              </value>
            </param>
          </params>
          <reporter-output>
          </reporter-output>
        </test-method> <!-- checkTitle -->
      </class> <!-- testCases.TC_002_CheckTitleTest -->
    </test> <!-- chromeTest3 -->
  </suite> <!-- Suite -->
</testng-results>
